<?xml version="1.0" encoding="UTF-8"?>
<testsuite name="PasswordGeneratorTest" tests="1" skipped="0" failures="0" errors="0" timestamp="2023-07-24T14:47:38" hostname="WESLEY" time="2.017">
  <properties/>
  <testcase name="generatePassword()" classname="PasswordGeneratorTest" time="2.017"/>
  <system-out><![CDATA[]]></system-out>
  <system-err><![CDATA[]]></system-err>
</testsuite>
